#
# A fatal error has been detected by the Java Runtime Environment:
#
#  SIGSEGV (0xb) at pc=0x00007f6c7f3140ad, pid=19278, tid=19297
#
# JRE version: OpenJDK Runtime Environment (11.0.8+10) (build 11.0.8+10-post-Ubuntu-0ubuntu120.04)
# Java VM: OpenJDK 64-Bit Server VM (11.0.8+10-post-Ubuntu-0ubuntu120.04, mixed mode, sharing, tiered, compressed oops, g1 gc, linux-amd64)
# Problematic frame:
# C  [libjimage.so+0x30ad]
#
# Core dump will be written. Default location: Core dumps may be processed with "/usr/share/apport/apport %p %s %c %d %P %E" (or dumping to /home/sumit/Downloads/solution-api/core.19278)
#
# If you would like to submit a bug report, please visit:
#   https://bugs.launchpad.net/ubuntu/+source/openjdk-lts
#

---------------  S U M M A R Y ------------

Command Line: -agentlib:jdwp=transport=dt_socket,suspend=y,address=localhost:33475 -javaagent:/home/sumit/.eclipse/360744286_linux_gtk_x86_64/configuration/org.eclipse.osgi/222/0/.cp/lib/javaagent-shaded.jar -Dfile.encoding=UTF-8 com.solution.solutionapi.SolutionApiApplication

Host: Intel(R) Core(TM) i3-5005U CPU @ 2.00GHz, 4 cores, 3G, Ubuntu 20.04 LTS
Time: Wed Sep 16 21:56:36 2020 IST elapsed time: 230 seconds (0d 0h 3m 50s)

---------------  T H R E A D  ---------------

Current thread (0x00007f6c78131000):  JavaThread "Signal Dispatcher" daemon [_thread_in_vm, id=19297, stack(0x00007f6c50d9c000,0x00007f6c50e9d000)]

Stack: [0x00007f6c50d9c000,0x00007f6c50e9d000],  sp=0x00007f6c50e9a1f0,  free space=1016k
Native frames: (J=compiled Java code, A=aot compiled Java code, j=interpreted, Vv=VM code, C=native code)
C  [libjimage.so+0x30ad]
C  [libjimage.so+0x3da2]
C  [libjimage.so+0x42b1]  JIMAGE_FindResource+0xf1
V  [libjvm.so+0x57f201]
V  [libjvm.so+0x5819b1]
V  [libjvm.so+0xcec03d]
V  [libjvm.so+0xceabca]
V  [libjvm.so+0xced18b]
V  [libjvm.so+0x62f46e]
V  [libjvm.so+0x81bac6]
j  jdk.internal.misc.Signal.dispatch(I)V+25 java.base@11.0.8
v  ~StubRoutines::call_stub
V  [libjvm.so+0x824499]
V  [libjvm.so+0x8234b2]
V  [libjvm.so+0xb7e63e]
V  [libjvm.so+0xd22dcf]
V  [libjvm.so+0xd1f430]
V  [libjvm.so+0xb8f706]

Java frames: (J=compiled Java code, j=interpreted, Vv=VM code)
j  jdk.internal.misc.Signal.dispatch(I)V+25 java.base@11.0.8
v  ~StubRoutines::call_stub

siginfo: si_signo: 11 (SIGSEGV), si_code: 1 (SEGV_MAPERR), si_addr: 0x00007f6c6f914458

Register to memory mapping:

RAX=0x000000000000490f is an unknown value
RBX=0x00007f6c50e9a2a1 is pointing into the stack for thread: 0x00007f6c78131000
RCX=0x00007f6c50e9a2c3 is pointing into the stack for thread: 0x00007f6c78131000
RDX=0x000000000000490f is an unknown value
RSP=0x00007f6c50e9a1f0 is pointing into the stack for thread: 0x00007f6c78131000
RBP=0x00007f6c50e9a210 is pointing into the stack for thread: 0x00007f6c78131000
RSI=0x0 is NULL
RDI=0x00007f6c7f319030: <offset 0x0000000000008030> in /usr/lib/jvm/java-11-openjdk-amd64/lib/libjimage.so at 0x00007f6c7f311000
R8 =0x00007f6c6f90201c is an unknown value
R9 =0x00007f6c50e9b0b0 is pointing into the stack for thread: 0x00007f6c78131000
R10=0x00007f6c805e5e08: <offset 0x0000000000e46e08> in /usr/lib/jvm/java-11-openjdk-amd64/lib/server/libjvm.so at 0x00007f6c7f79f000
R11=0x00007f6c50e9b418 is pointing into the stack for thread: 0x00007f6c78131000
R12=0x00000000000083bc is an unknown value
R13=0x00007f6c50e9a2a0 is pointing into the stack for thread: 0x00007f6c78131000
R14=0x0 is NULL
R15=0x00007f6c781316c0 points into unknown readable memory: 6a 64 6b 2f 69 6e 74 65


Registers:
RAX=0x000000000000490f, RBX=0x00007f6c50e9a2a1, RCX=0x00007f6c50e9a2c3, RDX=0x000000000000490f
RSP=0x00007f6c50e9a1f0, RBP=0x00007f6c50e9a210, RSI=0x0000000000000000, RDI=0x00007f6c7f319030
R8 =0x00007f6c6f90201c, R9 =0x00007f6c50e9b0b0, R10=0x00007f6c805e5e08, R11=0x00007f6c50e9b418
R12=0x00000000000083bc, R13=0x00007f6c50e9a2a0, R14=0x0000000000000000, R15=0x00007f6c781316c0
RIP=0x00007f6c7f3140ad, EFLAGS=0x0000000000010246, CSGSFS=0x002b000000000033, ERR=0x0000000000000004
  TRAPNO=0x000000000000000e

Top of Stack: (sp=0x00007f6c50e9a1f0)
0x00007f6c50e9a1f0:   0000000000000000 00007f6c50e9b338
0x00007f6c50e9a200:   00007f6c780095b0 00007f6c50e9a2a0
0x00007f6c50e9a210:   00007f6c50e9a280 00007f6c7f314da2
0x00007f6c50e9a220:   0000000000000000 0000000000000000 

Instructions: (pc=0x00007f6c7f3140ad)
0x00007f6c7f313fad:   f3 ff ff 44 03 65 90 e9 3f fe ff ff 0f 1f 80 00
0x00007f6c7f313fbd:   00 00 00 41 8b 10 41 89 55 00 41 8b 54 00 fc 41
0x00007f6c7f313fcd:   89 54 05 fc e9 82 fc ff ff 66 2e 0f 1f 84 00 00
0x00007f6c7f313fdd:   00 00 00 b9 0a 00 00 00 e9 f0 fc ff ff 41 0f b7
0x00007f6c7f313fed:   54 00 fe 66 41 89 54 05 fe e9 5d fc ff ff 0f 1f
0x00007f6c7f313ffd:   44 00 00 f3 0f 1e fa 0f b6 17 89 f0 89 f1 4c 8d
0x00007f6c7f31400d:   47 01 84 d2 74 1c 0f 1f 44 00 00 69 c9 93 01 00
0x00007f6c7f31401d:   01 49 83 c0 01 31 d1 41 0f b6 50 ff 84 d2 75 eb
0x00007f6c7f31402d:   89 c8 25 ff ff ff 7f c3 90 66 2e 0f 1f 84 00 00
0x00007f6c7f31403d:   00 00 00 f3 0f 1e fa 48 85 d2 0f 84 da 00 00 00
0x00007f6c7f31404d:   55 48 89 e5 41 55 41 54 41 89 cc 53 48 83 ec 08
0x00007f6c7f31405d:   85 c9 0f 84 ba 00 00 00 49 89 f5 48 8d 5e 01 0f
0x00007f6c7f31406d:   b6 36 49 89 d0 40 84 f6 0f 84 9d 00 00 00 48 89
0x00007f6c7f31407d:   d9 b8 93 01 00 01 0f 1f 44 00 00 69 d0 93 01 00
0x00007f6c7f31408d:   01 48 83 c1 01 40 0f b6 c6 0f b6 71 ff 31 d0 40
0x00007f6c7f31409d:   84 f6 75 e7 25 ff ff ff 7f 31 d2 41 f7 f4 89 d0
0x00007f6c7f3140ad:   41 8b 34 80 48 8b 07 ff 50 20 85 c0 7f 15 74 62
0x00007f6c7f3140bd:   f7 d0 41 89 c0 48 83 c4 08 44 89 c0 5b 41 5c 41
0x00007f6c7f3140cd:   5d 5d c3 41 0f b6 4d 00 89 c6 84 c9 74 1b 0f 1f
0x00007f6c7f3140dd:   44 00 00 69 f6 93 01 00 01 48 83 c3 01 31 ce 0f
0x00007f6c7f3140ed:   b6 4b ff 84 c9 75 ec 89 f0 25 ff ff ff 7f 31 d2
0x00007f6c7f3140fd:   48 83 c4 08 41 f7 f4 5b 41 5c 41 5d 5d 41 89 d0
0x00007f6c7f31410d:   44 89 c0 c3 0f 1f 80 00 00 00 00 b8 93 01 00 01
0x00007f6c7f31411d:   eb 87 41 b8 ff ff ff ff eb 9b 41 83 c8 ff 44 89
0x00007f6c7f31412d:   c0 c3 90 f3 0f 1e fa eb 1d 66 2e 0f 1f 84 00 00
0x00007f6c7f31413d:   00 00 00 0f b6 16 84 d2 74 13 38 c2 75 15 48 83
0x00007f6c7f31414d:   c7 01 48 83 c6 01 0f b6 07 84 c0 75 e6 48 89 f8
0x00007f6c7f31415d:   c3 66 90 31 c0 c3 90 66 66 2e 0f 1f 84 00 00 00
0x00007f6c7f31416d:   00 00 90 f3 0f 1e fa 48 85 f6 74 51 0f b6 06 84
0x00007f6c7f31417d:   c0 74 4a 0f b6 d0 83 e0 07 c1 fa 03 44 8d 50 01
0x00007f6c7f31418d:   0f b6 c0 41 89 d1 4c 8d 44 06 02 48 8d 56 01 31
0x00007f6c7f31419d:   c0 66 90 0f b6 0a 48 c1 e0 08 48 83 c2 01 48 09 


Stack slot to memory mapping:
stack at sp + 0 slots: 0x0 is NULL
stack at sp + 1 slots: 0x00007f6c50e9b338 is pointing into the stack for thread: 0x00007f6c78131000
stack at sp + 2 slots: 0x00007f6c780095b0 points into unknown readable memory: 80 cb 00 28 6c 7f 00 00
stack at sp + 3 slots: 0x00007f6c50e9a2a0 is pointing into the stack for thread: 0x00007f6c78131000
stack at sp + 4 slots: 0x00007f6c50e9a280 is pointing into the stack for thread: 0x00007f6c78131000
stack at sp + 5 slots: 0x00007f6c7f314da2: <offset 0x0000000000003da2> in /usr/lib/jvm/java-11-openjdk-amd64/lib/libjimage.so at 0x00007f6c7f311000
stack at sp + 6 slots: 0x0 is NULL
stack at sp + 7 slots: 0x0 is NULL


---------------  P R O C E S S  ---------------

Threads class SMR info:
_java_thread_list=0x00007f6c2000cbb0, length=12, elements={
0x00007f6c78019000, 0x00007f6c78129800, 0x00007f6c7812b800, 0x00007f6c78131000,
0x00007f6c78133000, 0x00007f6c78135000, 0x00007f6c78137000, 0x00007f6c78155000,
0x00007f6c78197800, 0x00007f6c7819b000, 0x00007f6c784a5800, 0x00007f6c789bf000
}

Java Threads: ( => current thread )
  0x00007f6c78019000 JavaThread "main" [_thread_blocked, id=19288, stack(0x00007f6c7f353000,0x00007f6c7f454000)]
  0x00007f6c78129800 JavaThread "Reference Handler" daemon [_thread_blocked, id=19295, stack(0x00007f6c51d7c000,0x00007f6c51e7d000)]
  0x00007f6c7812b800 JavaThread "Finalizer" daemon [_thread_blocked, id=19296, stack(0x00007f6c51c7b000,0x00007f6c51d7c000)]
=>0x00007f6c78131000 JavaThread "Signal Dispatcher" daemon [_thread_in_vm, id=19297, stack(0x00007f6c50d9c000,0x00007f6c50e9d000)]
  0x00007f6c78133000 JavaThread "C2 CompilerThread0" daemon [_thread_blocked, id=19298, stack(0x00007f6c50c9b000,0x00007f6c50d9c000)]
  0x00007f6c78135000 JavaThread "C1 CompilerThread0" daemon [_thread_blocked, id=19299, stack(0x00007f6c50b9a000,0x00007f6c50c9b000)]
  0x00007f6c78137000 JavaThread "Sweeper thread" daemon [_thread_blocked, id=19300, stack(0x00007f6c50a99000,0x00007f6c50b9a000)]
  0x00007f6c78155000 JavaThread "Common-Cleaner" daemon [_thread_blocked, id=19301, stack(0x00007f6c50998000,0x00007f6c50a99000)]
  0x00007f6c78197800 JavaThread "JDWP Transport Listener: dt_socket" daemon [_thread_in_native, id=19303, stack(0x00007f6c50897000,0x00007f6c50998000)]
  0x00007f6c7819b000 JavaThread "JDWP Event Helper Thread" daemon [_thread_blocked, id=19304, stack(0x00007f6c50796000,0x00007f6c50897000)]
  0x00007f6c784a5800 JavaThread "Service Thread" daemon [_thread_blocked, id=19309, stack(0x00007f6c50594000,0x00007f6c50695000)]
  0x00007f6c789bf000 JavaThread "mysql-cj-abandoned-connection-cleanup" daemon [_thread_blocked, id=19324, stack(0x00007f6c129ff000,0x00007f6c12b00000)]

Other Threads:
  0x00007f6c78126800 VMThread "VM Thread" [stack: 0x00007f6c51e7f000,0x00007f6c51f7f000] [id=19294]
  0x00007f6c784a7000 WatcherThread [stack: 0x00007f6c50494000,0x00007f6c50594000] [id=19310]
  0x00007f6c78031000 GCTaskThread "GC Thread#0" [stack: 0x00007f6c7efb9000,0x00007f6c7f0b9000] [id=19289]
  0x00007f6c48001000 GCTaskThread "GC Thread#1" [stack: 0x00007f6c50392000,0x00007f6c50492000] [id=19311]
  0x00007f6c48004000 GCTaskThread "GC Thread#2" [stack: 0x00007f6c13962000,0x00007f6c13a62000] [id=19313]
  0x00007f6c48005800 GCTaskThread "GC Thread#3" [stack: 0x00007f6c13860000,0x00007f6c13960000] [id=19314]
  0x00007f6c7804c000 ConcurrentGCThread "G1 Main Marker" [stack: 0x00007f6c7c6cc000,0x00007f6c7c7cc000] [id=19290]
  0x00007f6c7804d800 ConcurrentGCThread "G1 Conc#0" [stack: 0x00007f6c7c5ca000,0x00007f6c7c6ca000] [id=19291]
  0x00007f6c78091000 ConcurrentGCThread "G1 Refine#0" [stack: 0x00007f6c7c0c4000,0x00007f6c7c1c4000] [id=19292]
  0x00007f6c78093000 ConcurrentGCThread "G1 Young RemSet Sampling" [stack: 0x00007f6c60802000,0x00007f6c60902000] [id=19293]

Threads with active compile tasks:

VM state:not at safepoint (normal execution)

VM Mutex/Monitor currently owned by a thread: None

Heap address: 0x00000000c3c00000, size: 964 MB, Compressed Oops mode: 32-bit
Narrow klass base: 0x0000000800000000, Narrow klass shift: 3
Compressed class space size: 1073741824 Address: 0x0000000840000000

Heap:
 garbage-first heap   total 114688K, used 55627K [0x00000000c3c00000, 0x0000000100000000)
  region size 1024K, 37 young (37888K), 4 survivors (4096K)
 Metaspace       used 52939K, capacity 54076K, committed 54556K, reserved 1097728K
  class space    used 6796K, capacity 7247K, committed 7296K, reserved 1048576K
Heap Regions: E=young(eden), S=young(survivor), O=old, HS=humongous(starts), HC=humongous(continues), CS=collection set, F=free, A=archive, TAMS=top-at-mark-start (previous, next)
|   0|0x00000000c3c00000, 0x00000000c3d00000, 0x00000000c3d00000|100%|HS|  